# JRE version: Java(TM) SE Runtime Environment (8.0_111-b14) (build 1.8.0_111-b14)
# Java VM: Java HotSpot(TM) Client VM (25.111-b14 mixed mode windows-x86 )
Heap:
 def new generation   total 39424K, used 25354K [0x05800000, 0x082c0000, 0x102a0000)
  eden space 35072K,  69% used [0x05800000, 0x06fafbf8, 0x07a40000)
  from space 4352K,  25% used [0x07a40000, 0x07b52e20, 0x07e80000)
  to   space 4352K,   0% used [0x07e80000, 0x07e80000, 0x082c0000)
 tenured generation   total 87424K, used 51713K [0x102a0000, 0x15800000, 0x25800000)
   the space 87424K,  59% used [0x102a0000, 0x13520768, 0x13520800, 0x15800000)
 Metaspace       used 19487K, capacity 20192K, committed 20224K, reserved 20864K
GC Heap History (10 events):
Event: 68959.866 GC heap before
{Heap before GC invocations=8 (full 1):
 def new generation   total 39424K, used 38389K [0x05800000, 0x082c0000, 0x102a0000)
  eden space 35072K, 100% used [0x05800000, 0x07a40000, 0x07a40000)
  from space 4352K,  76% used [0x07e80000, 0x081bd6c8, 0x082c0000)
  to   space 4352K,   0% used [0x07a40000, 0x07a40000, 0x07e80000)
 tenured generation   total 87424K, used 26761K [0x102a0000, 0x15800000, 0x25800000)
   the space 87424K,  30% used [0x102a0000, 0x11cc26f0, 0x11cc2800, 0x15800000)
 Metaspace       used 19198K, capacity 19715K, committed 19840K, reserved 19840K
Event: 68959.877 GC heap after
Heap after GC invocations=9 (full 1):
 def new generation   total 39424K, used 2691K [0x05800000, 0x082c0000, 0x102a0000)
  eden space 35072K,   0% used [0x05800000, 0x05800000, 0x07a40000)
  from space 4352K,  61% used [0x07a40000, 0x07ce0d40, 0x07e80000)
  to   space 4352K,   0% used [0x07e80000, 0x07e80000, 0x082c0000)
 tenured generation   total 87424K, used 40572K [0x102a0000, 0x15800000, 0x25800000)
   the space 87424K,  46% used [0x102a0000, 0x12a3f0c8, 0x12a3f200, 0x15800000)
 Metaspace       used 19198K, capacity 19715K, committed 19840K, reserved 19840K
}
Event: 68961.322 GC heap before
{Heap before GC invocations=9 (full 1):
 def new generation   total 39424K, used 37763K [0x05800000, 0x082c0000, 0x102a0000)
  eden space 35072K, 100% used [0x05800000, 0x07a40000, 0x07a40000)
  from space 4352K,  61% used [0x07a40000, 0x07ce0d40, 0x07e80000)
  to   space 4352K,   0% used [0x07e80000, 0x07e80000, 0x082c0000)
 tenured generation   total 87424K, used 40572K [0x102a0000, 0x15800000, 0x25800000)
   the space 87424K,  46% used [0x102a0000, 0x12a3f0c8, 0x12a3f200, 0x15800000)
 Metaspace       used 19336K, capacity 19952K, committed 19968K, reserved 20864K
Event: 68961.334 GC heap after
Heap after GC invocations=10 (full 1):
 def new generation   total 39424K, used 4352K [0x05800000, 0x082c0000, 0x102a0000)
  eden space 35072K,   0% used [0x05800000, 0x05800000, 0x07a40000)
  from space 4352K, 100% used [0x07e80000, 0x082c0000, 0x082c0000)
  to   space 4352K,   0% used [0x07a40000, 0x07a40000, 0x07e80000)
 tenured generation   total 87424K, used 44724K [0x102a0000, 0x15800000, 0x25800000)
   the space 87424K,  51% used [0x102a0000, 0x12e4d258, 0x12e4d400, 0x15800000)
 Metaspace       used 19336K, capacity 19952K, committed 19968K, reserved 20864K
}
Event: 68964.658 GC heap before
{Heap before GC invocations=10 (full 1):
 def new generation   total 39424K, used 39424K [0x05800000, 0x082c0000, 0x102a0000)
  eden space 35072K, 100% used [0x05800000, 0x07a40000, 0x07a40000)
  from space 4352K, 100% used [0x07e80000, 0x082c0000, 0x082c0000)
  to   space 4352K,   0% used [0x07a40000, 0x07a40000, 0x07e80000)
 tenured generation   total 87424K, used 44724K [0x102a0000, 0x15800000, 0x25800000)
   the space 87424K,  51% used [0x102a0000, 0x12e4d258, 0x12e4d400, 0x15800000)
 Metaspace       used 19475K, capacity 20192K, committed 20224K, reserved 20864K
Event: 68964.670 GC heap after
Heap after GC invocations=11 (full 1):
 def new generation   total 39424K, used 4352K [0x05800000, 0x082c0000, 0x102a0000)
  eden space 35072K,   0% used [0x05800000, 0x05800000, 0x07a40000)
  from space 4352K, 100% used [0x07a40000, 0x07e80000, 0x07e80000)
  to   space 4352K,   0% used [0x07e80000, 0x07e80000, 0x082c0000)
 tenured generation   total 87424K, used 47388K [0x102a0000, 0x15800000, 0x25800000)
   the space 87424K,  54% used [0x102a0000, 0x130e72c0, 0x130e7400, 0x15800000)
 Metaspace       used 19475K, capacity 20192K, committed 20224K, reserved 20864K
}
Event: 70089.941 GC heap before
{Heap before GC invocations=11 (full 1):
 def new generation   total 39424K, used 39424K [0x05800000, 0x082c0000, 0x102a0000)
  eden space 35072K, 100% used [0x05800000, 0x07a40000, 0x07a40000)
  from space 4352K, 100% used [0x07a40000, 0x07e80000, 0x07e80000)
  to   space 4352K,   0% used [0x07e80000, 0x07e80000, 0x082c0000)
 tenured generation   total 87424K, used 47388K [0x102a0000, 0x15800000, 0x25800000)
   the space 87424K,  54% used [0x102a0000, 0x130e72c0, 0x130e7400, 0x15800000)
 Metaspace       used 19487K, capacity 20192K, committed 20224K, reserved 20864K
Event: 70089.955 GC heap after
Heap after GC invocations=12 (full 1):
 def new generation   total 39424K, used 972K [0x05800000, 0x082c0000, 0x102a0000)
  eden space 35072K,   0% used [0x05800000, 0x05800000, 0x07a40000)
  from space 4352K,  22% used [0x07e80000, 0x07f73228, 0x082c0000)
  to   space 4352K,   0% used [0x07a40000, 0x07a40000, 0x07e80000)
 tenured generation   total 87424K, used 51713K [0x102a0000, 0x15800000, 0x25800000)
   the space 87424K,  59% used [0x102a0000, 0x13520768, 0x13520800, 0x15800000)
 Metaspace       used 19487K, capacity 20192K, committed 20224K, reserved 20864K
}
Event: 77594.117 GC heap before
{Heap before GC invocations=12 (full 1):
 def new generation   total 39424K, used 27156K [0x05800000, 0x082c0000, 0x102a0000)
  eden space 35072K,  74% used [0x05800000, 0x07192110, 0x07a40000)
  from space 4352K,  22% used [0x07e80000, 0x07f73228, 0x082c0000)
  to   space 4352K,   0% used [0x07a40000, 0x07a40000, 0x07e80000)
 tenured generation   total 87424K, used 51713K [0x102a0000, 0x15800000, 0x25800000)
   the space 87424K,  59% used [0x102a0000, 0x13520768, 0x13520800, 0x15800000)
 Metaspace       used 19487K, capacity 20192K, committed 20224K, reserved 20864K
Event: 77594.120 GC heap after
Heap after GC invocations=13 (full 1):
 def new generation   total 39424K, used 1099K [0x05800000, 0x082c0000, 0x102a0000)
  eden space 35072K,   0% used [0x05800000, 0x05800000, 0x07a40000)
  from space 4352K,  25% used [0x07a40000, 0x07b52e20, 0x07e80000)
  to   space 4352K,   0% used [0x07e80000, 0x07e80000, 0x082c0000)
 tenured generation   total 87424K, used 51713K [0x102a0000, 0x15800000, 0x25800000)
   the space 87424K,  59% used [0x102a0000, 0x13520768, 0x13520800, 0x15800000)
 Metaspace       used 19487K, capacity 20192K, committed 20224K, reserved 20864K
}

